Using pre-set license
Built from '2020.2/staging' branch; Version is '2020.2.6f1 (8a2143876886) revision 9052483'; Using compiler version '192528614'; Build Type 'Release'
OS: 'Windows 10 Home; OS build 19042.804; Version 2009; 64bit' Language: 'de' Physical Memory: 24448 MB
BatchMode: 1, IsHumanControllingUs: 0, StartBugReporterOnCrash: 0, Is64bit: 1, IsPro: 0

 COMMAND LINE ARGUMENTS:
E:\Unity\2020.2.6f1\Editor\Unity.exe
-adb2
-batchMode
-noUpm
-name
AssetImportWorker0
-projectPath
E:/Unity/Neuer Ordner/New Unity Projectmap
-logFile
Logs/AssetImportWorker0.log
-srvPort
52344
Successfully changed project path to: E:/Unity/Neuer Ordner/New Unity Projectmap
E:/Unity/Neuer Ordner/New Unity Projectmap
Using Asset Import Pipeline V2.
Refreshing native plugins compatible for Editor in 49.44 ms, found 0 plugins.
Preloading 0 native plugins for Editor in 0.00 ms.
Initialize engine version: 2020.2.6f1 (8a2143876886)
[Subsystems] Discovering subsystems at path E:/Unity/2020.2.6f1/Editor/Data/Resources/UnitySubsystems
[Subsystems] Discovering subsystems at path E:/Unity/Neuer Ordner/New Unity Projectmap/Assets
GfxDevice: creating device client; threaded=0
Direct3D:
    Version:  Direct3D 11.0 [level 11.1]
    Renderer: NVIDIA GeForce GTX 1070 (ID=0x1be1)
    Vendor:   
    VRAM:     8081 MB
    Driver:   26.21.14.4325
Initialize mono
Mono path[0] = 'E:/Unity/2020.2.6f1/Editor/Data/Managed'
Mono path[1] = 'E:/Unity/2020.2.6f1/Editor/Data/MonoBleedingEdge/lib/mono/unityjit'
Mono config path = 'E:/Unity/2020.2.6f1/Editor/Data/MonoBleedingEdge/etc'
Using monoOptions --debugger-agent=transport=dt_socket,embedding=1,server=y,suspend=n,address=127.0.0.1:56844
Begin MonoManager ReloadAssembly
Registering precompiled unity dll's ...
Register platform support module: E:/Unity/2020.2.6f1/Editor/Data/PlaybackEngines/WindowsStandaloneSupport/UnityEditor.WindowsStandalone.Extensions.dll
Registered in 0.002236 seconds.
Native extension for WindowsStandalone target not found
Refreshing native plugins compatible for Editor in 51.68 ms, found 0 plugins.
Preloading 0 native plugins for Editor in 0.00 ms.
Invoked RoslynAnalysisRunner static constructor.
RoslynAnalysisRunner will not be running.
RoslynAnalysisRunner has terminated.
Mono: successfully reloaded assembly
- Completed reload, in  1.337 seconds
Platform modules already initialized, skipping
Registering precompiled user dll's ...
Registered in 0.000805 seconds.
Begin MonoManager ReloadAssembly
Native extension for WindowsStandalone target not found
Refreshing native plugins compatible for Editor in 0.40 ms, found 0 plugins.
Preloading 0 native plugins for Editor in 0.00 ms.
Invoked RoslynAnalysisRunner static constructor.
RoslynAnalysisRunner will not be running.
RoslynAnalysisRunner has terminated.
Mono: successfully reloaded assembly
- Completed reload, in  1.019 seconds
Platform modules already initialized, skipping
========================================================================
Worker process is ready to serve import requests
Launched and connected shader compiler UnityShaderCompiler.exe after 0.06 seconds
Refreshing native plugins compatible for Editor in 0.41 ms, found 0 plugins.
Preloading 0 native plugins for Editor in 0.00 ms.
Unloading 1475 Unused Serialized files (Serialized files now loaded: 0)
System memory in use before: 93.5 MB.
System memory in use after: 93.1 MB.

Unloading 12 unused Assets to reduce memory usage. Loaded Objects now: 1936.
Total: 2.516400 ms (FindLiveObjects: 0.205400 ms CreateObjectMapping: 0.114000 ms MarkObjects: 1.867000 ms  DeleteObjects: 0.328900 ms)

========================================================================
Received Import Request.
  path: Assets/Polybrush Data
  artifactKey: Guid(40a9964bf3397b64285f85ae71f56040) Importer(815301076,1909f56bfc062723c751e8b465ee728b)
Start importing Assets/Polybrush Data using Guid(40a9964bf3397b64285f85ae71f56040) Importer(815301076,1909f56bfc062723c751e8b465ee728b)  -> (artifact id: '4785c1162082bbf67f9399e71f388cb7') in 0.029085 seconds
  Import took 0.032006 seconds .

========================================================================
Received Import Request.
  Time since last request: 0.000285 seconds.
  path: Assets/MegaPack1Lite
  artifactKey: Guid(463adfb02b92c5e4184f439de8cf5d3d) Importer(815301076,1909f56bfc062723c751e8b465ee728b)
Start importing Assets/MegaPack1Lite using Guid(463adfb02b92c5e4184f439de8cf5d3d) Importer(815301076,1909f56bfc062723c751e8b465ee728b)  -> (artifact id: '1a470ed00c4fa892388ee7bd9c5dc92b') in 0.021139 seconds
  Import took 0.023783 seconds .

========================================================================
Received Import Request.
  Time since last request: 696.349010 seconds.
  path: Assets/Folder de Prefaburi/Harta.prefab
  artifactKey: Guid(0ebe2adc02a8de844b49ee5fd3f497d2) Importer(815301076,1909f56bfc062723c751e8b465ee728b)
Start importing Assets/Folder de Prefaburi/Harta.prefab using Guid(0ebe2adc02a8de844b49ee5fd3f497d2) Importer(815301076,1909f56bfc062723c751e8b465ee728b)  -> (artifact id: '40a6ecf2fc2f42f948ac1ddf0dfde74f') in 0.337328 seconds
  Import took 0.346940 seconds .

========================================================================
Received Prepare
Registering precompiled user dll's ...
Registered in 0.000848 seconds.
Begin MonoManager ReloadAssembly
Native extension for WindowsStandalone target not found
Refreshing native plugins compatible for Editor in 0.41 ms, found 0 plugins.
Preloading 0 native plugins for Editor in 0.00 ms.
Invoked RoslynAnalysisRunner static constructor.
RoslynAnalysisRunner will not be running.
RoslynAnalysisRunner has terminated.
Mono: successfully reloaded assembly
- Completed reload, in  1.044 seconds
Platform modules already initialized, skipping
Script is not up to date after domain reload: guid(45b26329c52b8664ca447a5ca9265a6c) path("Assets/Fuel.cs") state(2)
Refreshing native plugins compatible for Editor in 0.46 ms, found 0 plugins.
Preloading 0 native plugins for Editor in 0.00 ms.
Unloading 1416 Unused Serialized files (Serialized files now loaded: 0)
System memory in use before: 93.6 MB.
System memory in use after: 93.3 MB.

Unloading 7 unused Assets to reduce memory usage. Loaded Objects now: 1947.
Total: 2.631500 ms (FindLiveObjects: 0.222700 ms CreateObjectMapping: 0.075700 ms MarkObjects: 1.914700 ms  DeleteObjects: 0.417200 ms)

========================================================================
Received Prepare
Registering precompiled user dll's ...
Registered in 0.000785 seconds.
Begin MonoManager ReloadAssembly
Native extension for WindowsStandalone target not found
Refreshing native plugins compatible for Editor in 0.49 ms, found 0 plugins.
Preloading 0 native plugins for Editor in 0.00 ms.
Invoked RoslynAnalysisRunner static constructor.
RoslynAnalysisRunner will not be running.
RoslynAnalysisRunner has terminated.
Mono: successfully reloaded assembly
- Completed reload, in  1.015 seconds
Platform modules already initialized, skipping
Script is not up to date after domain reload: guid(a8511c9b06bdb2149aa8c067a6677922) path("Assets/CrystalCollector.cs") state(2)
Refreshing native plugins compatible for Editor in 1.07 ms, found 0 plugins.
Preloading 0 native plugins for Editor in 0.00 ms.
Unloading 1417 Unused Serialized files (Serialized files now loaded: 0)
System memory in use before: 93.7 MB.
System memory in use after: 93.4 MB.

Unloading 7 unused Assets to reduce memory usage. Loaded Objects now: 1950.
Total: 2.447200 ms (FindLiveObjects: 0.200100 ms CreateObjectMapping: 0.061800 ms MarkObjects: 1.693200 ms  DeleteObjects: 0.490300 ms)

========================================================================
Received Prepare
Registering precompiled user dll's ...
Registered in 0.001300 seconds.
Begin MonoManager ReloadAssembly
Native extension for WindowsStandalone target not found
Refreshing native plugins compatible for Editor in 0.48 ms, found 0 plugins.
Preloading 0 native plugins for Editor in 0.00 ms.
Invoked RoslynAnalysisRunner static constructor.
RoslynAnalysisRunner will not be running.
RoslynAnalysisRunner has terminated.
Mono: successfully reloaded assembly
- Completed reload, in  0.968 seconds
Platform modules already initialized, skipping
Refreshing native plugins compatible for Editor in 0.41 ms, found 0 plugins.
Preloading 0 native plugins for Editor in 0.00 ms.
Unloading 1418 Unused Serialized files (Serialized files now loaded: 0)
System memory in use before: 93.7 MB.
System memory in use after: 93.4 MB.

Unloading 7 unused Assets to reduce memory usage. Loaded Objects now: 1953.
Total: 2.454300 ms (FindLiveObjects: 0.271600 ms CreateObjectMapping: 0.139400 ms MarkObjects: 1.698500 ms  DeleteObjects: 0.342800 ms)

========================================================================
Received Prepare
Registering precompiled user dll's ...
Registered in 0.001702 seconds.
Begin MonoManager ReloadAssembly
Native extension for WindowsStandalone target not found
Refreshing native plugins compatible for Editor in 0.44 ms, found 0 plugins.
Preloading 0 native plugins for Editor in 0.00 ms.
Invalid AssetDatabase path: /Editor/EditorResources/cm_logo_sm.png. Use path relative to the project folder.
UnityEngine.StackTraceUtility:ExtractStackTrace ()
UnityEditor.AssetDatabase:LoadAssetAtPath<UnityEngine.Texture2D> (string)
Cinemachine.Editor.CinemachineSettings:get_CinemachineLogoTexture () (at Library/PackageCache/com.unity.cinemachine@2.6.3/Editor/Windows/CinemachineSettings.cs:205)
Cinemachine.Editor.CinemachineSettings:.cctor () (at Library/PackageCache/com.unity.cinemachine@2.6.3/Editor/Windows/CinemachineSettings.cs:237)
Cinemachine.CinemachineColliderPrefs:.cctor () (at Library/PackageCache/com.unity.cinemachine@2.6.3/Editor/Windows/CinemachineColliderPrefs.cs:61)
System.Runtime.CompilerServices.RuntimeHelpers:RunClassConstructor (System.RuntimeTypeHandle)
UnityEditor.EditorAssemblies:ProcessInitializeOnLoadAttributes (System.Type[])

[Library/PackageCache/com.unity.cinemachine@2.6.3/Editor/Windows/CinemachineSettings.cs line 205]

Invoked RoslynAnalysisRunner static constructor.
RoslynAnalysisRunner will not be running.
RoslynAnalysisRunner has terminated.
Mono: successfully reloaded assembly
- Completed reload, in  1.032 seconds
Platform modules already initialized, skipping
Refreshing native plugins compatible for Editor in 0.66 ms, found 0 plugins.
Preloading 0 native plugins for Editor in 0.00 ms.
Unloading 1564 Unused Serialized files (Serialized files now loaded: 0)
System memory in use before: 98.5 MB.
System memory in use after: 98.2 MB.

Unloading 8 unused Assets to reduce memory usage. Loaded Objects now: 2100.
Total: 3.689400 ms (FindLiveObjects: 0.204400 ms CreateObjectMapping: 0.064800 ms MarkObjects: 2.965000 ms  DeleteObjects: 0.453300 ms)

========================================================================
Received Prepare
Registering precompiled user dll's ...
Registered in 0.001009 seconds.
Begin MonoManager ReloadAssembly
Native extension for WindowsStandalone target not found
Refreshing native plugins compatible for Editor in 0.44 ms, found 0 plugins.
Preloading 0 native plugins for Editor in 0.00 ms.
Invoked RoslynAnalysisRunner static constructor.
RoslynAnalysisRunner will not be running.
RoslynAnalysisRunner has terminated.
Mono: successfully reloaded assembly
- Completed reload, in  0.913 seconds
Platform modules already initialized, skipping
Refreshing native plugins compatible for Editor in 0.49 ms, found 0 plugins.
Preloading 0 native plugins for Editor in 0.00 ms.
Unloading 1565 Unused Serialized files (Serialized files now loaded: 0)
System memory in use before: 98.6 MB.
System memory in use after: 98.4 MB.

Unloading 9 unused Assets to reduce memory usage. Loaded Objects now: 2103.
Total: 2.606700 ms (FindLiveObjects: 0.253400 ms CreateObjectMapping: 0.056100 ms MarkObjects: 1.891700 ms  DeleteObjects: 0.404000 ms)

========================================================================
Received Prepare
Registering precompiled user dll's ...
Registered in 0.000822 seconds.
Begin MonoManager ReloadAssembly
Native extension for WindowsStandalone target not found
Refreshing native plugins compatible for Editor in 0.54 ms, found 0 plugins.
Preloading 0 native plugins for Editor in 0.00 ms.
Invoked RoslynAnalysisRunner static constructor.
RoslynAnalysisRunner will not be running.
RoslynAnalysisRunner has terminated.
Mono: successfully reloaded assembly
- Completed reload, in  1.037 seconds
Platform modules already initialized, skipping
Refreshing native plugins compatible for Editor in 0.42 ms, found 0 plugins.
Preloading 0 native plugins for Editor in 0.00 ms.
Unloading 1564 Unused Serialized files (Serialized files now loaded: 0)
System memory in use before: 98.6 MB.
System memory in use after: 98.3 MB.

Unloading 9 unused Assets to reduce memory usage. Loaded Objects now: 2105.
Total: 2.348200 ms (FindLiveObjects: 0.207900 ms CreateObjectMapping: 0.068000 ms MarkObjects: 1.708000 ms  DeleteObjects: 0.363100 ms)

========================================================================
Received Import Request.
  Time since last request: 1228.714606 seconds.
  path: Assets/drona.fbx
  artifactKey: Guid(c5bc593563595484291e2ddbeb1f9774) Importer(815301076,1909f56bfc062723c751e8b465ee728b)
Start importing Assets/drona.fbx using Guid(c5bc593563595484291e2ddbeb1f9774) Importer(815301076,1909f56bfc062723c751e8b465ee728b)  -> (artifact id: 'b48fa7a2ef1f446a3e729ddabc1d644a') in 0.293049 seconds
  Import took 0.297349 seconds .

========================================================================
Received Prepare
Registering precompiled user dll's ...
Registered in 0.000780 seconds.
Begin MonoManager ReloadAssembly
Native extension for WindowsStandalone target not found
Refreshing native plugins compatible for Editor in 0.57 ms, found 0 plugins.
Preloading 0 native plugins for Editor in 0.00 ms.
Invoked RoslynAnalysisRunner static constructor.
RoslynAnalysisRunner will not be running.
RoslynAnalysisRunner has terminated.
Mono: successfully reloaded assembly
- Completed reload, in  1.036 seconds
Platform modules already initialized, skipping
Refreshing native plugins compatible for Editor in 0.54 ms, found 0 plugins.
Preloading 0 native plugins for Editor in 0.00 ms.
Unloading 1564 Unused Serialized files (Serialized files now loaded: 0)
System memory in use before: 113.0 MB.
System memory in use after: 112.7 MB.

Unloading 9 unused Assets to reduce memory usage. Loaded Objects now: 2145.
Total: 2.562200 ms (FindLiveObjects: 0.251900 ms CreateObjectMapping: 0.083300 ms MarkObjects: 1.888000 ms  DeleteObjects: 0.335800 ms)

========================================================================
Received Import Request.
  Time since last request: 227.393981 seconds.
  path: ProjectSettings/TagManager.asset
  artifactKey: Guid(00000000000000003000000000000000) Importer(815301076,1909f56bfc062723c751e8b465ee728b)
Start importing ProjectSettings/TagManager.asset using Guid(00000000000000003000000000000000) Importer(815301076,1909f56bfc062723c751e8b465ee728b)  -> (artifact id: 'b2dee9ced0a85d274b96b1466a3268ad') in 0.082078 seconds
  Import took 0.086195 seconds .

========================================================================
Received Prepare
Registering precompiled user dll's ...
Registered in 0.000918 seconds.
Begin MonoManager ReloadAssembly
Native extension for WindowsStandalone target not found
Refreshing native plugins compatible for Editor in 0.41 ms, found 0 plugins.
Preloading 0 native plugins for Editor in 0.00 ms.
Invoked RoslynAnalysisRunner static constructor.
RoslynAnalysisRunner will not be running.
RoslynAnalysisRunner has terminated.
Mono: successfully reloaded assembly
- Completed reload, in  0.960 seconds
Platform modules already initialized, skipping
Refreshing native plugins compatible for Editor in 0.71 ms, found 0 plugins.
Preloading 0 native plugins for Editor in 0.00 ms.
Unloading 1564 Unused Serialized files (Serialized files now loaded: 0)
System memory in use before: 113.0 MB.
System memory in use after: 112.7 MB.

Unloading 10 unused Assets to reduce memory usage. Loaded Objects now: 2147.
Total: 3.244300 ms (FindLiveObjects: 0.324800 ms CreateObjectMapping: 0.127700 ms MarkObjects: 2.363400 ms  DeleteObjects: 0.425000 ms)

========================================================================
Received Prepare
Registering precompiled user dll's ...
Registered in 0.002743 seconds.
Begin MonoManager ReloadAssembly
Native extension for WindowsStandalone target not found
Refreshing native plugins compatible for Editor in 0.62 ms, found 0 plugins.
Preloading 0 native plugins for Editor in 0.00 ms.
Invoked RoslynAnalysisRunner static constructor.
RoslynAnalysisRunner will not be running.
RoslynAnalysisRunner has terminated.
Mono: successfully reloaded assembly
- Completed reload, in  1.060 seconds
Platform modules already initialized, skipping
Refreshing native plugins compatible for Editor in 0.73 ms, found 0 plugins.
Preloading 0 native plugins for Editor in 0.00 ms.
Unloading 1564 Unused Serialized files (Serialized files now loaded: 0)
System memory in use before: 113.0 MB.
System memory in use after: 112.7 MB.

Unloading 9 unused Assets to reduce memory usage. Loaded Objects now: 2149.
Total: 3.175100 ms (FindLiveObjects: 0.232600 ms CreateObjectMapping: 0.145000 ms MarkObjects: 2.364000 ms  DeleteObjects: 0.431400 ms)

========================================================================
Received Prepare
Registering precompiled user dll's ...
Registered in 0.001255 seconds.
Begin MonoManager ReloadAssembly
Native extension for WindowsStandalone target not found
Refreshing native plugins compatible for Editor in 0.79 ms, found 0 plugins.
Preloading 0 native plugins for Editor in 0.00 ms.
Invoked RoslynAnalysisRunner static constructor.
RoslynAnalysisRunner will not be running.
RoslynAnalysisRunner has terminated.
Mono: successfully reloaded assembly
- Completed reload, in  1.160 seconds
Platform modules already initialized, skipping
Refreshing native plugins compatible for Editor in 0.46 ms, found 0 plugins.
Preloading 0 native plugins for Editor in 0.00 ms.
Unloading 1564 Unused Serialized files (Serialized files now loaded: 0)
System memory in use before: 113.0 MB.
System memory in use after: 112.7 MB.

Unloading 9 unused Assets to reduce memory usage. Loaded Objects now: 2151.
Total: 2.671400 ms (FindLiveObjects: 0.278700 ms CreateObjectMapping: 0.099400 ms MarkObjects: 1.793600 ms  DeleteObjects: 0.498300 ms)

========================================================================
Received Prepare
Registering precompiled user dll's ...
Registered in 0.000871 seconds.
Begin MonoManager ReloadAssembly
Native extension for WindowsStandalone target not found
Refreshing native plugins compatible for Editor in 0.73 ms, found 0 plugins.
Preloading 0 native plugins for Editor in 0.00 ms.
Invoked RoslynAnalysisRunner static constructor.
RoslynAnalysisRunner will not be running.
RoslynAnalysisRunner has terminated.
Mono: successfully reloaded assembly
- Completed reload, in  1.040 seconds
Platform modules already initialized, skipping
Refreshing native plugins compatible for Editor in 0.59 ms, found 0 plugins.
Preloading 0 native plugins for Editor in 0.00 ms.
Unloading 1564 Unused Serialized files (Serialized files now loaded: 0)
System memory in use before: 113.0 MB.
System memory in use after: 112.7 MB.

Unloading 9 unused Assets to reduce memory usage. Loaded Objects now: 2153.
Total: 2.732600 ms (FindLiveObjects: 0.257900 ms CreateObjectMapping: 0.092200 ms MarkObjects: 1.924400 ms  DeleteObjects: 0.456200 ms)

========================================================================
Received Prepare
Registering precompiled user dll's ...
Registered in 0.000855 seconds.
Begin MonoManager ReloadAssembly
Native extension for WindowsStandalone target not found
Refreshing native plugins compatible for Editor in 0.60 ms, found 0 plugins.
Preloading 0 native plugins for Editor in 0.00 ms.
Invoked RoslynAnalysisRunner static constructor.
RoslynAnalysisRunner will not be running.
RoslynAnalysisRunner has terminated.
Mono: successfully reloaded assembly
- Completed reload, in  1.064 seconds
Platform modules already initialized, skipping
Refreshing native plugins compatible for Editor in 0.56 ms, found 0 plugins.
Preloading 0 native plugins for Editor in 0.00 ms.
Unloading 1564 Unused Serialized files (Serialized files now loaded: 0)
System memory in use before: 113.1 MB.
System memory in use after: 112.7 MB.

Unloading 9 unused Assets to reduce memory usage. Loaded Objects now: 2155.
Total: 3.187600 ms (FindLiveObjects: 0.223000 ms CreateObjectMapping: 0.089200 ms MarkObjects: 2.328400 ms  DeleteObjects: 0.544800 ms)

========================================================================
Received Prepare
Registering precompiled user dll's ...
Registered in 0.001025 seconds.
Begin MonoManager ReloadAssembly
Native extension for WindowsStandalone target not found
Refreshing native plugins compatible for Editor in 0.47 ms, found 0 plugins.
Preloading 0 native plugins for Editor in 0.00 ms.
Invoked RoslynAnalysisRunner static constructor.
RoslynAnalysisRunner will not be running.
RoslynAnalysisRunner has terminated.
Mono: successfully reloaded assembly
- Completed reload, in  1.027 seconds
Platform modules already initialized, skipping
Refreshing native plugins compatible for Editor in 0.50 ms, found 0 plugins.
Preloading 0 native plugins for Editor in 0.00 ms.
Unloading 1564 Unused Serialized files (Serialized files now loaded: 0)
System memory in use before: 113.0 MB.
System memory in use after: 112.8 MB.

Unloading 9 unused Assets to reduce memory usage. Loaded Objects now: 2157.
Total: 3.543700 ms (FindLiveObjects: 0.233900 ms CreateObjectMapping: 0.089600 ms MarkObjects: 2.741100 ms  DeleteObjects: 0.477100 ms)

AssetImportWorkerClient::OnTransportError - code=2 error=End of file
