Using pre-set license
Built from '2020.2/staging' branch; Version is '2020.2.6f1 (8a2143876886) revision 9052483'; Using compiler version '192528614'; Build Type 'Release'
OS: 'Windows 10 Home; OS build 19042.804; Version 2009; 64bit' Language: 'de' Physical Memory: 24448 MB
BatchMode: 1, IsHumanControllingUs: 0, StartBugReporterOnCrash: 0, Is64bit: 1, IsPro: 0

 COMMAND LINE ARGUMENTS:
E:\Unity\2020.2.6f1\Editor\Unity.exe
-adb2
-batchMode
-noUpm
-name
AssetImportWorker0
-projectPath
E:/Unity/Neuer Ordner/New Unity Projectmap
-logFile
Logs/AssetImportWorker0.log
-srvPort
52009
Successfully changed project path to: E:/Unity/Neuer Ordner/New Unity Projectmap
E:/Unity/Neuer Ordner/New Unity Projectmap
Using Asset Import Pipeline V2.
Refreshing native plugins compatible for Editor in 52.87 ms, found 0 plugins.
Preloading 0 native plugins for Editor in 0.00 ms.
Initialize engine version: 2020.2.6f1 (8a2143876886)
[Subsystems] Discovering subsystems at path E:/Unity/2020.2.6f1/Editor/Data/Resources/UnitySubsystems
[Subsystems] Discovering subsystems at path E:/Unity/Neuer Ordner/New Unity Projectmap/Assets
GfxDevice: creating device client; threaded=0
Direct3D:
    Version:  Direct3D 11.0 [level 11.1]
    Renderer: NVIDIA GeForce GTX 1070 (ID=0x1be1)
    Vendor:   
    VRAM:     8081 MB
    Driver:   26.21.14.4325
Initialize mono
Mono path[0] = 'E:/Unity/2020.2.6f1/Editor/Data/Managed'
Mono path[1] = 'E:/Unity/2020.2.6f1/Editor/Data/MonoBleedingEdge/lib/mono/unityjit'
Mono config path = 'E:/Unity/2020.2.6f1/Editor/Data/MonoBleedingEdge/etc'
Using monoOptions --debugger-agent=transport=dt_socket,embedding=1,server=y,suspend=n,address=127.0.0.1:56268
Begin MonoManager ReloadAssembly
Registering precompiled unity dll's ...
Register platform support module: E:/Unity/2020.2.6f1/Editor/Data/PlaybackEngines/WindowsStandaloneSupport/UnityEditor.WindowsStandalone.Extensions.dll
Registered in 0.002196 seconds.
Native extension for WindowsStandalone target not found
Refreshing native plugins compatible for Editor in 50.27 ms, found 0 plugins.
Preloading 0 native plugins for Editor in 0.00 ms.
Invoked RoslynAnalysisRunner static constructor.
RoslynAnalysisRunner will not be running.
RoslynAnalysisRunner has terminated.
Mono: successfully reloaded assembly
- Completed reload, in  1.514 seconds
Platform modules already initialized, skipping
Registering precompiled user dll's ...
Registered in 0.000824 seconds.
Begin MonoManager ReloadAssembly
Native extension for WindowsStandalone target not found
Refreshing native plugins compatible for Editor in 0.65 ms, found 0 plugins.
Preloading 0 native plugins for Editor in 0.00 ms.
Invoked RoslynAnalysisRunner static constructor.
RoslynAnalysisRunner will not be running.
RoslynAnalysisRunner has terminated.
Mono: successfully reloaded assembly
- Completed reload, in  1.033 seconds
Platform modules already initialized, skipping
========================================================================
Worker process is ready to serve import requests
Launched and connected shader compiler UnityShaderCompiler.exe after 0.06 seconds
Refreshing native plugins compatible for Editor in 0.81 ms, found 0 plugins.
Preloading 0 native plugins for Editor in 0.00 ms.
Unloading 1475 Unused Serialized files (Serialized files now loaded: 0)
System memory in use before: 93.5 MB.
System memory in use after: 93.2 MB.

Unloading 12 unused Assets to reduce memory usage. Loaded Objects now: 1936.
Total: 3.004100 ms (FindLiveObjects: 0.340000 ms CreateObjectMapping: 0.116600 ms MarkObjects: 2.189400 ms  DeleteObjects: 0.356700 ms)

========================================================================
Received Import Request.
  path: Assets/capsula2.fbx
  artifactKey: Guid(16ef61aa8e7902f4c8710b8e3128da1d) Importer(815301076,1909f56bfc062723c751e8b465ee728b)
Start importing Assets/capsula2.fbx using Guid(16ef61aa8e7902f4c8710b8e3128da1d) Importer(815301076,1909f56bfc062723c751e8b465ee728b)  -> (artifact id: 'd8cef600639ee4e1bb3094eb6153c817') in 0.293950 seconds
  Import took 0.297705 seconds .

========================================================================
Received Import Request.
  Time since last request: 83.426761 seconds.
  path: Assets/albastru.mat
  artifactKey: Guid(15f65fd0221c179459258a2939ce5ac3) Importer(815301076,1909f56bfc062723c751e8b465ee728b)
Start importing Assets/albastru.mat using Guid(15f65fd0221c179459258a2939ce5ac3) Importer(815301076,1909f56bfc062723c751e8b465ee728b)  -> (artifact id: '5584a09a1e6049902a1061a44c58a61e') in 0.111194 seconds
  Import took 0.114457 seconds .

========================================================================
Received Import Request.
  Time since last request: 61.691606 seconds.
  path: Assets/albastru.mat
  artifactKey: Guid(15f65fd0221c179459258a2939ce5ac3) Importer(815301076,1909f56bfc062723c751e8b465ee728b)
Start importing Assets/albastru.mat using Guid(15f65fd0221c179459258a2939ce5ac3) Importer(815301076,1909f56bfc062723c751e8b465ee728b)  -> (artifact id: 'c69c0b0a37cf486c9eea792fde0e32fc') in 0.036971 seconds
  Import took 0.040024 seconds .

========================================================================
Received Import Request.
  Time since last request: 159.054295 seconds.
  path: Assets/albastru 1.mat
  artifactKey: Guid(ebca82dbb3d7c894b94d43d57062c40f) Importer(815301076,1909f56bfc062723c751e8b465ee728b)
Start importing Assets/albastru 1.mat using Guid(ebca82dbb3d7c894b94d43d57062c40f) Importer(815301076,1909f56bfc062723c751e8b465ee728b)  -> (artifact id: 'ced85e8ab2ef6b40f5f2609a9ba3ff6e') in 0.046171 seconds
  Import took 0.049133 seconds .

AssetImportWorkerClient::OnTransportError - code=2 error=End of file
